2022-04-17 15:49:57.958  INFO 21840 --- [main] com.ruochen.Application                  : Starting Application using Java 1.8.0_40 on DESKTOP-656ISOI with PID 21840 (D:\IDEAWorkspace\SpringBootStudy\springboot_log\target\classes started by ruochen in D:\IDEAWorkspace\SpringBootStudy)
2022-04-17 15:49:57.960  INFO 21840 --- [main] com.ruochen.Application                  : No active profile set, falling back to 1 default profile: "default"
2022-04-17 15:49:58.722  INFO 21840 --- [main] o.s.b.w.embedded.tomcat.TomcatWebServer  : Tomcat initialized with port(s): 8080 (http)
2022-04-17 15:49:58.731  INFO 21840 --- [main] o.apache.catalina.core.StandardService   : Starting service [Tomcat]
2022-04-17 15:49:58.731  INFO 21840 --- [main] org.apache.catalina.core.StandardEngine  : Starting Servlet engine: [Apache Tomcat/9.0.60]
2022-04-17 15:49:58.862  INFO 21840 --- [main] o.a.c.c.C.[Tomcat].[localhost].[/]       : Initializing Spring embedded WebApplicationContext
2022-04-17 15:49:58.862  INFO 21840 --- [main] w.s.c.ServletWebServerApplicationContext : Root WebApplicationContext: initialization completed in 863 ms
2022-04-17 15:49:59.210  INFO 21840 --- [main] o.s.b.w.embedded.tomcat.TomcatWebServer  : Tomcat started on port(s): 8080 (http) with context path ''
2022-04-17 15:49:59.219  INFO 21840 --- [main] com.ruochen.Application                  : Started Application in 1.8 seconds (JVM running for 2.635)
2022-04-17 15:50:02.470  INFO 21840 --- [http-nio-8080-exec-1] o.a.c.c.C.[Tomcat].[localhost].[/]       : Initializing Spring DispatcherServlet 'dispatcherServlet'
2022-04-17 15:50:02.470  INFO 21840 --- [http-nio-8080-exec-1] o.s.web.servlet.DispatcherServlet        : Initializing Servlet 'dispatcherServlet'
2022-04-17 15:50:02.471  INFO 21840 --- [http-nio-8080-exec-1] o.s.web.servlet.DispatcherServlet        : Completed initialization in 1 ms
2022-04-17 15:50:02.492  WARN 21840 --- [http-nio-8080-exec-1] com.ruochen.controller.BookController    : warn ....
2022-04-17 15:50:02.493 ERROR 21840 --- [http-nio-8080-exec-1] com.ruochen.controller.BookController    : error ....
2022-04-17 15:50:03.039  WARN 21840 --- [http-nio-8080-exec-4] com.ruochen.controller.BookController    : warn ....
2022-04-17 15:50:03.040 ERROR 21840 --- [http-nio-8080-exec-4] com.ruochen.controller.BookController    : error ....
2022-04-17 15:50:03.540  WARN 21840 --- [http-nio-8080-exec-5] com.ruochen.controller.BookController    : warn ....
2022-04-17 15:50:03.541 ERROR 21840 --- [http-nio-8080-exec-5] com.ruochen.controller.BookController    : error ....
2022-04-17 15:53:00.364  INFO 8396 --- [main] com.ruochen.Application                  : Starting Application using Java 1.8.0_40 on DESKTOP-656ISOI with PID 8396 (D:\IDEAWorkspace\SpringBootStudy\springboot_log\target\classes started by ruochen in D:\IDEAWorkspace\SpringBootStudy)
2022-04-17 15:53:00.370  INFO 8396 --- [main] com.ruochen.Application                  : No active profile set, falling back to 1 default profile: "default"
2022-04-17 15:53:02.327  INFO 8396 --- [main] o.s.b.w.embedded.tomcat.TomcatWebServer  : Tomcat initialized with port(s): 8080 (http)
2022-04-17 15:53:02.344  INFO 8396 --- [main] o.apache.catalina.core.StandardService   : Starting service [Tomcat]
2022-04-17 15:53:02.344  INFO 8396 --- [main] org.apache.catalina.core.StandardEngine  : Starting Servlet engine: [Apache Tomcat/9.0.60]
2022-04-17 15:53:02.637  INFO 8396 --- [main] o.a.c.c.C.[Tomcat].[localhost].[/]       : Initializing Spring embedded WebApplicationContext
2022-04-17 15:53:02.638  INFO 8396 --- [main] w.s.c.ServletWebServerApplicationContext : Root WebApplicationContext: initialization completed in 2215 ms
2022-04-17 15:53:03.306  INFO 8396 --- [main] o.s.b.w.embedded.tomcat.TomcatWebServer  : Tomcat started on port(s): 8080 (http) with context path ''
2022-04-17 15:53:03.316  INFO 8396 --- [main] com.ruochen.Application                  : Started Application in 4.485 seconds (JVM running for 6.535)
2022-04-17 15:53:15.725  INFO 8396 --- [http-nio-8080-exec-1] o.a.c.c.C.[Tomcat].[localhost].[/]       : Initializing Spring DispatcherServlet 'dispatcherServlet'
2022-04-17 15:53:15.725  INFO 8396 --- [http-nio-8080-exec-1] o.s.web.servlet.DispatcherServlet        : Initializing Servlet 'dispatcherServlet'
